[1113/145301.158:ERROR:viz_main_impl.cc(162)] Exiting GPU process due to errors during initialization
[1113/145301.283:ERROR:viz_main_impl.cc(162)] Exiting GPU process due to errors during initialization
[1113/145301.408:ERROR:gpu_init.cc(441)] Passthrough is not supported, GL is disabled
[1113/161934.777:INFO:CONSOLE(19)] "🚀 container.buildInfo.environment is deprecated.Please use `container.environment.stage` instead", source: https://assets.adobedtm.com/launch-EN919758db9a654a17bac7d184b99c4820.min.js (19)
[1113/161936.713:INFO:CONSOLE(92)] "TypeError: Cannot read property 'getParameter' of null", source: https://xd.adobe.com/static/share-e56ab3ab0f9a9d331c3e.js (92)
[1113/161936.735:INFO:CONSOLE(23)] "Uncaught Error: webglcontextcreationerror: Could not create a WebGL context, VENDOR = 0xffff, DEVICE = 0xffff, Sandboxed = no, Optimus = no, AMD switchable = no, Reset notification strategy = 0x0000, ErrorMessage = OffscreenContext Creation failed, GpuChannelHost creation failed.", source: https://xd.adobe.com/static/new-relic-6010f20f86d729edfa54cf36565f9e2051e2eb01.js (23)
[1113/161936.735:INFO:CONSOLE(23)] "Uncaught Error: webglcontextcreationerror: Could not create a WebGL context, VENDOR = 0xffff, DEVICE = 0xffff, Sandboxed = no, Optimus = no, AMD switchable = no, Reset notification strategy = 0x0000, ErrorMessage = OffscreenContext Creation failed, GpuChannelHost creation failed.", source: https://xd.adobe.com/static/new-relic-6010f20f86d729edfa54cf36565f9e2051e2eb01.js (23)
[1113/161944.943:INFO:CONSOLE(19)] "🚀 container.buildInfo.environment is deprecated.Please use `container.environment.stage` instead", source: https://assets.adobedtm.com/launch-EN919758db9a654a17bac7d184b99c4820.min.js (19)
[1113/161945.967:INFO:CONSOLE(92)] "TypeError: Cannot read property 'getParameter' of null", source: https://xd.adobe.com/static/share-e56ab3ab0f9a9d331c3e.js (92)
[1113/161945.976:INFO:CONSOLE(23)] "Uncaught Error: webglcontextcreationerror: Could not create a WebGL context, VENDOR = 0xffff, DEVICE = 0xffff, Sandboxed = no, Optimus = no, AMD switchable = no, Reset notification strategy = 0x0000, ErrorMessage = OffscreenContext Creation failed, GpuChannelHost creation failed.", source: https://xd.adobe.com/static/new-relic-6010f20f86d729edfa54cf36565f9e2051e2eb01.js (23)
[1113/161945.976:INFO:CONSOLE(23)] "Uncaught Error: webglcontextcreationerror: Could not create a WebGL context, VENDOR = 0xffff, DEVICE = 0xffff, Sandboxed = no, Optimus = no, AMD switchable = no, Reset notification strategy = 0x0000, ErrorMessage = OffscreenContext Creation failed, GpuChannelHost creation failed.", source: https://xd.adobe.com/static/new-relic-6010f20f86d729edfa54cf36565f9e2051e2eb01.js (23)
[1113/161946.968:INFO:CONSOLE(19)] "🚀 container.buildInfo.environment is deprecated.Please use `container.environment.stage` instead", source: https://assets.adobedtm.com/launch-EN919758db9a654a17bac7d184b99c4820.min.js (19)
[1113/161948.039:INFO:CONSOLE(92)] "TypeError: Cannot read property 'getParameter' of null", source: https://xd.adobe.com/static/share-e56ab3ab0f9a9d331c3e.js (92)
[1113/161948.053:INFO:CONSOLE(23)] "Uncaught Error: webglcontextcreationerror: Could not create a WebGL context, VENDOR = 0xffff, DEVICE = 0xffff, Sandboxed = no, Optimus = no, AMD switchable = no, Reset notification strategy = 0x0000, ErrorMessage = OffscreenContext Creation failed, GpuChannelHost creation failed.", source: https://xd.adobe.com/static/new-relic-6010f20f86d729edfa54cf36565f9e2051e2eb01.js (23)
[1113/161948.053:INFO:CONSOLE(23)] "Uncaught Error: webglcontextcreationerror: Could not create a WebGL context, VENDOR = 0xffff, DEVICE = 0xffff, Sandboxed = no, Optimus = no, AMD switchable = no, Reset notification strategy = 0x0000, ErrorMessage = OffscreenContext Creation failed, GpuChannelHost creation failed.", source: https://xd.adobe.com/static/new-relic-6010f20f86d729edfa54cf36565f9e2051e2eb01.js (23)
[1113/162102.017:INFO:CONSOLE(19)] "🚀 container.buildInfo.environment is deprecated.Please use `container.environment.stage` instead", source: https://assets.adobedtm.com/launch-EN919758db9a654a17bac7d184b99c4820.min.js (19)
[1113/162103.386:INFO:CONSOLE(92)] "TypeError: Cannot read property 'getParameter' of null", source: https://xd.adobe.com/static/share-e56ab3ab0f9a9d331c3e.js (92)
[1113/162103.402:INFO:CONSOLE(23)] "Uncaught Error: webglcontextcreationerror: Could not create a WebGL context, VENDOR = 0xffff, DEVICE = 0xffff, Sandboxed = no, Optimus = no, AMD switchable = no, Reset notification strategy = 0x0000, ErrorMessage = OffscreenContext Creation failed, GpuChannelHost creation failed.", source: https://xd.adobe.com/static/new-relic-6010f20f86d729edfa54cf36565f9e2051e2eb01.js (23)
[1113/162103.402:INFO:CONSOLE(23)] "Uncaught Error: webglcontextcreationerror: Could not create a WebGL context, VENDOR = 0xffff, DEVICE = 0xffff, Sandboxed = no, Optimus = no, AMD switchable = no, Reset notification strategy = 0x0000, ErrorMessage = OffscreenContext Creation failed, GpuChannelHost creation failed.", source: https://xd.adobe.com/static/new-relic-6010f20f86d729edfa54cf36565f9e2051e2eb01.js (23)
[1113/162105.017:INFO:CONSOLE(19)] "🚀 container.buildInfo.environment is deprecated.Please use `container.environment.stage` instead", source: https://assets.adobedtm.com/launch-EN919758db9a654a17bac7d184b99c4820.min.js (19)
[1113/162106.068:INFO:CONSOLE(92)] "TypeError: Cannot read property 'getParameter' of null", source: https://xd.adobe.com/static/share-e56ab3ab0f9a9d331c3e.js (92)
[1113/162106.079:INFO:CONSOLE(23)] "Uncaught Error: webglcontextcreationerror: Could not create a WebGL context, VENDOR = 0xffff, DEVICE = 0xffff, Sandboxed = no, Optimus = no, AMD switchable = no, Reset notification strategy = 0x0000, ErrorMessage = OffscreenContext Creation failed, GpuChannelHost creation failed.", source: https://xd.adobe.com/static/new-relic-6010f20f86d729edfa54cf36565f9e2051e2eb01.js (23)
[1113/162106.079:INFO:CONSOLE(23)] "Uncaught Error: webglcontextcreationerror: Could not create a WebGL context, VENDOR = 0xffff, DEVICE = 0xffff, Sandboxed = no, Optimus = no, AMD switchable = no, Reset notification strategy = 0x0000, ErrorMessage = OffscreenContext Creation failed, GpuChannelHost creation failed.", source: https://xd.adobe.com/static/new-relic-6010f20f86d729edfa54cf36565f9e2051e2eb01.js (23)
[1113/162116.684:INFO:CONSOLE(19)] "🚀 container.buildInfo.environment is deprecated.Please use `container.environment.stage` instead", source: https://assets.adobedtm.com/launch-EN919758db9a654a17bac7d184b99c4820.min.js (19)
[1113/162117.380:INFO:CONSOLE(92)] "TypeError: Cannot read property 'getParameter' of null", source: https://xd.adobe.com/static/share-e56ab3ab0f9a9d331c3e.js (92)
[1113/162117.385:INFO:CONSOLE(1)] "Uncaught Error: webglcontextcreationerror: Could not create a WebGL context, VENDOR = 0xffff, DEVICE = 0xffff, Sandboxed = no, Optimus = no, AMD switchable = no, Reset notification strategy = 0x0000, ErrorMessage = OffscreenContext Creation failed, GpuChannelHost creation failed.", source: https://xd.adobe.com/static/vendors~player-vector-b085ee2efce2d8d264d3.js (1)
[1113/162117.385:INFO:CONSOLE(1)] "Uncaught Error: webglcontextcreationerror: Could not create a WebGL context, VENDOR = 0xffff, DEVICE = 0xffff, Sandboxed = no, Optimus = no, AMD switchable = no, Reset notification strategy = 0x0000, ErrorMessage = OffscreenContext Creation failed, GpuChannelHost creation failed.", source: https://xd.adobe.com/static/vendors~player-vector-b085ee2efce2d8d264d3.js (1)
[1113/162118.064:WARNING:spdy_session.cc(3505)] Received HEADERS for invalid stream 11
[1113/162118.185:INFO:CONSOLE(19)] "🚀 container.buildInfo.environment is deprecated.Please use `container.environment.stage` instead", source: https://assets.adobedtm.com/launch-EN919758db9a654a17bac7d184b99c4820.min.js (19)
[1113/162119.019:INFO:CONSOLE(92)] "TypeError: Cannot read property 'getParameter' of null", source: https://xd.adobe.com/static/share-e56ab3ab0f9a9d331c3e.js (92)
[1113/162119.079:INFO:CONSOLE(1)] "Uncaught Error: webglcontextcreationerror: Could not create a WebGL context, VENDOR = 0xffff, DEVICE = 0xffff, Sandboxed = no, Optimus = no, AMD switchable = no, Reset notification strategy = 0x0000, ErrorMessage = OffscreenContext Creation failed, GpuChannelHost creation failed.", source: https://xd.adobe.com/static/vendors~player-vector-b085ee2efce2d8d264d3.js (1)
[1113/162119.079:INFO:CONSOLE(1)] "Uncaught Error: webglcontextcreationerror: Could not create a WebGL context, VENDOR = 0xffff, DEVICE = 0xffff, Sandboxed = no, Optimus = no, AMD switchable = no, Reset notification strategy = 0x0000, ErrorMessage = OffscreenContext Creation failed, GpuChannelHost creation failed.", source: https://xd.adobe.com/static/vendors~player-vector-b085ee2efce2d8d264d3.js (1)
[1113/162120.050:INFO:CONSOLE(19)] "🚀 container.buildInfo.environment is deprecated.Please use `container.environment.stage` instead", source: https://assets.adobedtm.com/launch-EN919758db9a654a17bac7d184b99c4820.min.js (19)
[1113/162121.119:INFO:CONSOLE(92)] "TypeError: Cannot read property 'getParameter' of null", source: https://xd.adobe.com/static/share-e56ab3ab0f9a9d331c3e.js (92)
[1113/162121.174:INFO:CONSOLE(23)] "Uncaught Error: webglcontextcreationerror: Could not create a WebGL context, VENDOR = 0xffff, DEVICE = 0xffff, Sandboxed = no, Optimus = no, AMD switchable = no, Reset notification strategy = 0x0000, ErrorMessage = OffscreenContext Creation failed, GpuChannelHost creation failed.", source: https://xd.adobe.com/static/new-relic-6010f20f86d729edfa54cf36565f9e2051e2eb01.js (23)
[1113/162121.174:INFO:CONSOLE(23)] "Uncaught Error: webglcontextcreationerror: Could not create a WebGL context, VENDOR = 0xffff, DEVICE = 0xffff, Sandboxed = no, Optimus = no, AMD switchable = no, Reset notification strategy = 0x0000, ErrorMessage = OffscreenContext Creation failed, GpuChannelHost creation failed.", source: https://xd.adobe.com/static/new-relic-6010f20f86d729edfa54cf36565f9e2051e2eb01.js (23)
[1113/162123.151:INFO:CONSOLE(19)] "🚀 container.buildInfo.environment is deprecated.Please use `container.environment.stage` instead", source: https://assets.adobedtm.com/launch-EN919758db9a654a17bac7d184b99c4820.min.js (19)
[1113/162124.185:INFO:CONSOLE(92)] "TypeError: Cannot read property 'getParameter' of null", source: https://xd.adobe.com/static/share-e56ab3ab0f9a9d331c3e.js (92)
[1113/162124.211:INFO:CONSOLE(23)] "Uncaught Error: webglcontextcreationerror: Could not create a WebGL context, VENDOR = 0xffff, DEVICE = 0xffff, Sandboxed = no, Optimus = no, AMD switchable = no, Reset notification strategy = 0x0000, ErrorMessage = OffscreenContext Creation failed, GpuChannelHost creation failed.", source: https://xd.adobe.com/static/new-relic-6010f20f86d729edfa54cf36565f9e2051e2eb01.js (23)
[1113/162124.211:INFO:CONSOLE(23)] "Uncaught Error: webglcontextcreationerror: Could not create a WebGL context, VENDOR = 0xffff, DEVICE = 0xffff, Sandboxed = no, Optimus = no, AMD switchable = no, Reset notification strategy = 0x0000, ErrorMessage = OffscreenContext Creation failed, GpuChannelHost creation failed.", source: https://xd.adobe.com/static/new-relic-6010f20f86d729edfa54cf36565f9e2051e2eb01.js (23)
[1113/162125.676:INFO:CONSOLE(19)] "🚀 container.buildInfo.environment is deprecated.Please use `container.environment.stage` instead", source: https://assets.adobedtm.com/launch-EN919758db9a654a17bac7d184b99c4820.min.js (19)
[1113/162126.378:INFO:CONSOLE(92)] "TypeError: Cannot read property 'getParameter' of null", source: https://xd.adobe.com/static/share-e56ab3ab0f9a9d331c3e.js (92)
[1113/162126.386:INFO:CONSOLE(1)] "Uncaught Error: webglcontextcreationerror: Could not create a WebGL context, VENDOR = 0xffff, DEVICE = 0xffff, Sandboxed = no, Optimus = no, AMD switchable = no, Reset notification strategy = 0x0000, ErrorMessage = OffscreenContext Creation failed, GpuChannelHost creation failed.", source: https://xd.adobe.com/static/vendors~player-vector-b085ee2efce2d8d264d3.js (1)
[1113/162126.386:INFO:CONSOLE(1)] "Uncaught Error: webglcontextcreationerror: Could not create a WebGL context, VENDOR = 0xffff, DEVICE = 0xffff, Sandboxed = no, Optimus = no, AMD switchable = no, Reset notification strategy = 0x0000, ErrorMessage = OffscreenContext Creation failed, GpuChannelHost creation failed.", source: https://xd.adobe.com/static/vendors~player-vector-b085ee2efce2d8d264d3.js (1)
[1113/162126.583:INFO:CONSOLE(19)] "🚀 container.buildInfo.environment is deprecated.Please use `container.environment.stage` instead", source: https://assets.adobedtm.com/launch-EN919758db9a654a17bac7d184b99c4820.min.js (19)
[1113/162127.135:INFO:CONSOLE(92)] "TypeError: Cannot read property 'getParameter' of null", source: https://xd.adobe.com/static/share-e56ab3ab0f9a9d331c3e.js (92)
[1113/162127.168:INFO:CONSOLE(1)] "Uncaught Error: webglcontextcreationerror: Could not create a WebGL context, VENDOR = 0xffff, DEVICE = 0xffff, Sandboxed = no, Optimus = no, AMD switchable = no, Reset notification strategy = 0x0000, ErrorMessage = OffscreenContext Creation failed, GpuChannelHost creation failed.", source: https://xd.adobe.com/static/vendors~player-vector-b085ee2efce2d8d264d3.js (1)
[1113/162127.168:INFO:CONSOLE(1)] "Uncaught Error: webglcontextcreationerror: Could not create a WebGL context, VENDOR = 0xffff, DEVICE = 0xffff, Sandboxed = no, Optimus = no, AMD switchable = no, Reset notification strategy = 0x0000, ErrorMessage = OffscreenContext Creation failed, GpuChannelHost creation failed.", source: https://xd.adobe.com/static/vendors~player-vector-b085ee2efce2d8d264d3.js (1)
[1113/162313.802:INFO:CONSOLE(19)] "🚀 container.buildInfo.environment is deprecated.Please use `container.environment.stage` instead", source: https://assets.adobedtm.com/launch-EN919758db9a654a17bac7d184b99c4820.min.js (19)
[1114/191917.572:ERROR:viz_main_impl.cc(162)] Exiting GPU process due to errors during initialization
[1114/191917.728:ERROR:viz_main_impl.cc(162)] Exiting GPU process due to errors during initialization
[1114/191917.853:ERROR:gpu_init.cc(441)] Passthrough is not supported, GL is disabled
[1114/232710.091:ERROR:viz_main_impl.cc(162)] Exiting GPU process due to errors during initialization
[1114/232710.218:ERROR:viz_main_impl.cc(162)] Exiting GPU process due to errors during initialization
[1114/232710.339:ERROR:gpu_init.cc(441)] Passthrough is not supported, GL is disabled
[1115/190849.157:ERROR:viz_main_impl.cc(162)] Exiting GPU process due to errors during initialization
[1115/190850.526:ERROR:viz_main_impl.cc(162)] Exiting GPU process due to errors during initialization
[1115/190850.646:ERROR:gpu_init.cc(441)] Passthrough is not supported, GL is disabled
[1116/021605.222:ERROR:viz_main_impl.cc(162)] Exiting GPU process due to errors during initialization
[1116/021605.396:ERROR:viz_main_impl.cc(162)] Exiting GPU process due to errors during initialization
[1116/021605.516:ERROR:gpu_init.cc(441)] Passthrough is not supported, GL is disabled
[1116/104406.689:ERROR:viz_main_impl.cc(162)] Exiting GPU process due to errors during initialization
[1116/104407.382:ERROR:viz_main_impl.cc(162)] Exiting GPU process due to errors during initialization
[1116/104407.494:ERROR:gpu_init.cc(441)] Passthrough is not supported, GL is disabled
[1116/130720.302:ERROR:viz_main_impl.cc(162)] Exiting GPU process due to errors during initialization
[1116/130720.427:ERROR:viz_main_impl.cc(162)] Exiting GPU process due to errors during initialization
[1116/130720.552:ERROR:gpu_init.cc(441)] Passthrough is not supported, GL is disabled
[1120/205612.443:ERROR:viz_main_impl.cc(162)] Exiting GPU process due to errors during initialization
[1120/205612.899:ERROR:viz_main_impl.cc(162)] Exiting GPU process due to errors during initialization
[1120/205613.012:ERROR:gpu_init.cc(441)] Passthrough is not supported, GL is disabled
